<?xml version="1.0" encoding="UTF-8"?>
<testsuite name="net.ccbluex.liquidbounce.utils.client.NameGeneratorKtTest" tests="1" skipped="0" failures="0" errors="0" timestamp="2025-11-08T05:23:26.631Z" hostname="localhost" time="0.108">
  <properties/>
  <testcase name="testUsernameLength()" classname="net.ccbluex.liquidbounce.utils.client.NameGeneratorKtTest" time="0.108"/>
  <system-out><![CDATA[[Fabul0u5Skylark, Sh3epLucky17, Enchanting_Koi0, NightingaleTan14, Col7_Fr4nk_61, ShrikeIncompl3te, NighthawkAzure68, Tig3r_Sc4rce83, Jackrabbit_Plump, Ivorygull_Huge36, S4ndyPussycat9, DuikerJoint17, FlawedD0tterel81, MilkyJellyf1sh68, OddballTil3fish, PurplemartenWan, Chan7icle3rFlat, Ang0raFearles575, Buzzard_Short_77, De3pskyblu3Manta, WhaleThunderou5, Tar7Iber1anmole, M3g4raptorBitter, FilthyKatyd1d_79, ShyMead0wh4wk24, TomatoC0rmorant, Meager_Antbear48, Inc4ternEl3ctric, PipitWellworn_3, D0eViv1d48, Unau_Male_70, Shimm3ring_Vireo, BrontosaurusVast, RoyalblueWrasse, LumberingLimpe7, BluebottlePolite, S73elblueGuppy36, Valid_Molly44, Even_Ocelot_91, Gros8eakFl1msy80, Centiped3Act1ve, ButteryAk1tainu, AdmiredAmphibian, LadybirdNervous, NauticalKagu_25, TitiStunning_14, Peafowl_Worthy54, Weaverbird_Happy, QueenbeeSpiri7ed, Duckl1ngNatural, ShrimpSandybrown, Tigerbeetle_Snow, S7r1kingSloth_23, Tre3creeperClear, ScallopSturdy_78, Leonberg3rBas1c, N4rrowBuffleh3ad, NandooNervous_98, Thread8areB1rd91, Spiderm0nkeyTrim, Urus_Eminent_0, Starchy_Brant92, GreedyHors3mous3, F0ss4Alarming36, Ornate_Taruca84, AiredaleC0rnsilk, In7repidBoub0u35, Amphibi4nAverage, Temp7ingZand3r42, HorseSlategrey61, Whapuku_Skinny12, Dr4fthorse_Dry, Lion_Ajar_37, G1ftedD1pper_42, Cylindr1calSkunk, Fak3El3phant82, Ev1lPu647, Orange_Corn5nak3, PolypNeglected22, GreenyellowVixen, Mad3upFan7ail_57, TegusLow58, St4ined_Serval, FaroffRottwe1ler, C0ncreteGalag019, Tru3Porpoise_73, PangolinBlack_10, Jov1alBadger, Pas7_Zopilot366, Sick_Ch4n7icleer, Veloc1raptorSl1m, DryKit7iwake_78, MillipedeEach_56, W0odenQuag6a56, PikaVacant_60, Hatchetfi5hEach, A5sRe4l_8, Ghostwh17eHoopoe, C0lorlessMarmot, ChrysomelidWorse, L0ngSkink71, LorikeetWelcome, B4dger_U6ly_55, Darkblu3Bronc026, GreatdaneVapid64, Distan7_Gopher81, Velvetcra8_Far50, Ok4piWelltod086, X4n7hareelJagged, AntiqueD1pper_89, Lice_Common_15, LacewingBarren54, ExtrasmallCoqui, Active_Cormorant, PunyAchillestang, H3n_Dev0ted_61, Avians_Aqua_21, M0untainousComet, SplendidLoris_77, Adept_Mouse/mice, Dr0med4ryHarmful, Curly_Cuttlefish, Sow_Envious_81, Sham3fulXiphias, ZooplanktonFull, GreatdaneGl4ring, WiryChameleon_18, ShrillBlueb0ttle, Koodoo_Wor57_70, Ruddy_N4rwhale12, Cor4l_D3fiant_88, Ichn3um0nflySick, WaspUn1qu3_12, F4roffB3ar50, Cade7bluePlover, OldlaceKillifish, ForthrightPull3t, HoneyeaterRosy78, Dams3lflyAgile29, Cl3v3r_Eyra28, SecondaryMe3rkat, Coqu1_Th1rd_5, Jubilan7_Ta7tler, Previ0usBuzzard, PrimaryDoe70, Amu5edC0w, Kiwi_Alert_51, Br0n2eFurseal70, Mal3Gnatca7cher, JoyousPekingese, EssentialTadpole, Ba5ilUnrealist1c, A0ud4dWary_7, Turns7oneStarchy, C0ttonta1lReal75, Chup4c4braSkinny, Reasonabl3Zander, YearlyKodi4kbear, WhippoorwillVain, Ba5ic_Ey4s_17, ArcticfoxHideous, DiplodocusRip333, N0xiousPikeperch, Gour4miPet7y15, L1me_Hamadryad95, Mite_Un5te4dy26, M0lly_Dual49, Whale_Known_41, DistortedRaven29, LingSteel15, AmazingH0rnsh4rk, Vi8rantStall1on, Un5ung_Es0k78, Ch4moisTall45, Gr0undbeetleOval, GoiteredEcstatic, Cl0sedGoi7ered28, Accepta8leM4rlin, RingedXrayf1sh76, FaintWoodcock_20, LimegreenLemm1ng, Cr1ck3tFlippant, Amaz1ngKi7tiwake, Ra7_Happy6olucky, ImprobableBat538, Wa7erloggedMice, Pac4Cor4l1, P0rp0ise_Eminent, Quaho6Goldenrod, DorkingUnsung_57, SpiritedFoxh0und, Flu1dWoodcock_34, S70neflyAdored59, SlategreyIbex81, Z0rillaDangerous, PalegreenPy6my85, Bossy_Gnu_64, Pilchard_Busy52, BetafishPr3cious, Calf_Terrif1c14, AllosaurusMale7, NilgaiCharming27, Y4k_All_78, BearReflecting40, HandyPrawn_81, M1xedBoa21, S0reGodwit67, H0rne7Worried52, K0bYe4rly_38, Ghostwh1teAss_96, Afghanhound_Sane, Shallow_Lo0n_86, SelfreliantAddax, S7e3r_Separate83, MetallicBobolink, FairyflyAssured, J0int_Arctichare, SandyS4wfi5h_75, GlassfrogRo4sted, L34fy_Axolotl_23, Y4rd4ntJuvenile, B0ubou_Silen768, SkylarkMarvel0us, KlutzyNubiangoat, Dull_M4yfly_24, Finwhale_Genu1ne, ShimmeringAlp4ca, Crowded_Kakapo4, Lightcoral_Lark3, Blue8irdDecisiv3, Swall0w_Th1n_93, FieldspanielBlue, OrangeConure_28, Dunl1nAqua9, Squirrel_Bel4ted, FatalHousefly24, Numb4tFlamboy4nt, Barn4cleWellworn, Den5e_Hare_83, Sw3llfishUnknown, CultivatedI50pod, Di5loyalCr3ature, Che4pTurtle_84, Lone_Wh4puku19, CloseCuscus27, MindlessP0ny27, SecondIcefish67, UnawareArrowworm, EmbarrassedLeech, BetafishSuperior, GreatargusClosed, DuckbillcatAwful, IllArmyw0rm58, Sp0tt3d_Flea_7, Tua74raFlowery64, Brown_Kittiw4ke8, H0verflyFair60, ColossalDingo54, Tarp4nUnlined86, Ex07icBoto, Curvy_Calf_98, DearRaptors48, Energe71cSifaka, CreamyCar18ou_59, Strip3dG4nder26, SambarTroubled, LateGrosbeak_27, Bats_Illustrious, Ichthy0s7egaHigh, MongrelNimble_81, WoodborerMundane, Olm_Y3llow40, AdouriProfitable, Whit3_Lorik3et97, FieldmouseLean89, Legi7imat3Squab, FrugalAnk0le_47, Ups3tMongrel_43, GrowlingG0iter3d, Offbeat_Swift24, Re4dyNumb4t73, Rosybrown_Hok187, Lightsalm0nBear, SlimyPikeperch12, B3ngaltig3rHot55, Nutritiou5Merlin, Colt_Tr4umat1c0, Swall0wAthletic, Fond_Cornsnake57, Mad_Lungf1sh94, R4cerunn3rUnripe, Obedi3nt_Ko1_23, DoradoIntent_34, BullfrogUltimate, TediousLimpet_86, Grimy_Halibut_15, HornbillN4utical, M4ngabeyH3lpful, NeedyD0d0_37, WhimsicalBronco, Sunny_N4ndu23, Mediumorch1dOx29, DetailedCo0ter73, Prima7eShadowy54, BlesbokTh1rsty14, Reliabl3Wryn3ck, Fieldm0useClear, Free_Bet4fish, Zeren_Sane_18, BlackBasenj110, Bagw0rm_M0ist_67, DizzyPanda, GroundhogDimgrey, CowrieDefinitive, SakimonkeySmart, MeadowhawkGuilty, BotoStimulating, BaldeagleKlutzy, Ibis_Envious_93, Runny_Ek4ltadet4, VainJ03y95, S4rd1neShameless, SubtleIggyp0ps99, HappyArowana_54, Bronco_Jagged_38, R3spectfulWasp74, Spre4dw1ng_Prime, Dalm4tian_Actual, Cowb1rdFailin620, MayflyRo4sted_54, StainedEider61, G3ms8uck_Runny82, AlleycatBor1n640, DolphinInd1anred, Best_Ghar1al29, Celebrat3dYaffl3, Snowdo6_Dramatic, BusyLever3t_25, Gr0uperFractal84, Canvas8ack_Nut7y, Cavernou5Pe4fowl, C4ndidSqu3aker, KingfisherAqua92, R4ccoon_No1sy11, H41ryTenrec_58, Bl4ckflyFlu1d_64, Bet7ongF4ntastic, ScarabRa5h_4, Snowdo6_Heavy_30, Wor7hy_H1nd80, Puppy_Unu5u4l_87, Slu5hyF0xhound40, St1ckle8ackBlank, Gypsym0th_Maroon, ThirdAnemonecr4b, GraylingYearly49, FlounderDramatic, Vip3rsquidHollow, Gripp1n6Bluefish, Falcon_Clutter3d, Mole_Heav3nly_70, ProperTerrapin79, Maltesedog_Runny, C4udata_C4lm_10, EmotionalMeerkat, PuzzledFr0gmou7h, Good_Bullfr0g5, SpringtailStiff, Agile_Zor1ll4_4, QualifiedCero_87, M1nk_Upr1ght97, Hogg3t_Pol1te9, Le4fwingA7hletic, Zand3r_Brilli4nt, Inf0rmalLadybug, Ewe_E4rne5t_11, RuddyTuatara_57, Brave_Li2ard_3, MistyroseRoebuck, LumpyBellsn4k335, Crea7iveSteed50, S1ngleImago_55, United_Bongo_55, BatIntelligent50, ErneUsele5s51, Arc7icduck_Fra1l, Blackmamb4_Young, Rot7en_Ermin3_45, Short_Squ48_93, PinkRainb0wtrout, Sta6beetleBo5sy, Vir3oImpossible, H0rnbillWiry_69, Fos5aPolite10, Se4h0rse_Cold_98, Snowdo6Car3ful21, BlacklabSkinny71, BrantMinty2, T3rnMountain0us, CougarSandybrown, SimplisticL4ngur, N3cessaryVaqu1ta, Un5ungGecko69, PopularQuoll_92, D3terminedHen55, Prud3nt_Tun460, Cooter_S1ngle_68, VulpesvulpesB4d, S1ck_Butterfly0, Stormy_T0m7it_94, Katydid_Nifty97, Sw1ftBelat3d_33, BeaverD1fficult, IchneumonflyT1ny, W1lletLightblu3, NerkaJ0yous76, WeeWo0dpecker43, ArmedcrabImmens3, NerkaAr7ist1c54, Duck_Bouncy_89, SchnauzerKno7ty, Ligh7ningbugHi6h, Wr0ngBetafish_52, EasygoingMuntjac, ImperfectL4rv463, IllinformedBurro, Blind_Nil6ai56, R4r3_Urus58, Bl4ckpan7herPink, ButterflyMel0d1c, Wallar0oD3eppink, Po5h_N4ndu_74, IdioticSheldrake, RattlesnakeL0w_8, BlackmambaDoting, Darkgr4yReindeer, Willet_Sleepy6, Indel1bleGour4mi, Heal7hyToad25, Pa5tEquine92, Uns7e4dyArowana, PufferfishIv0ry, PossumPe5ky_94, T1redBoa_53, Verv37Tangible33, W4rthogSpiffy39, BluebirdW1nged53, StrikingCh1t4l82, Purpl3mar7en_Odd, InfiniteColt41, B0arL4zy38, TigersharkWarped, N1mbleSte3r88, Intelli6ent_C0ny, Heavenly_M0ose26, ValidArcherfish, StrangeLoon_72, BossyRottweiler, Am81tious_Dikdik, Simple_Hydra54, Overjoy3dR3ptile, Adventur0usN0ddy, NewtnutriaScarce, SaddlebrownPewee, Annel1d_Pal365, NeedletailKeen67, Sid3winder_Ste3l, Zig2agIncat3rn57, CharmingVaqu1ta, HoneycreeperThin, T0uc4nExalted_28, ChickBlue48, Ank0lewatusiDim, Bas1c_Cowbird30, B4rn0wlMinor_58, Nuthatch_Gr0uchy, Coarse_Tuatara79, VengefulCock4too, SugaryYell0wl3gs, Repul5iveRockra7, Ex4l7edArrowcrab, T4nL4cewing3, HotSeamonkey85, HarmfulDrever69, Kook4burraPlush, NewtSardonic_4, Coa7iDelay3d_31, We7_Terrap1n2, Suspic1ousCoug4r, Honor3d_L4rva27, Pit7abirdMoral44, Pol1shed_Ba5s6, VioletredTerrier, VagueSidewinder, M0dern_Eeve46, FluidR3dhe4d_2, Gr3a7_Piglet72, Pap1llonOutlying, NearZebradove_38, Sw3etF0x_16, Kod1akbear_Muted, Phal4r0peTesty2, Azur3W1dgeon83, Impur3_Ho0poe_47, Puffin_Gre3dy, Grub_Different53, Ja3ger_Strict_23, Hellb3nderShy_39, Op4que_Guanaco3, Im4ginativeRobin, Pract1calMastiff, Unaccept4bleMite, IcefishL0vable21, Ba1jiBony_27, Graci0usBoubou20, Imp3cc4bleHare31, Pum4Gr1m_36, NonstopInchworm, BasicPo0dle_39, NursesharkGrumpy, Hotpink_Junco1, GoshawkBleak94, Wh4puku_Safe_41, AngryShorebird91, M4ntaExempl4ry14, Naive_Gull61, Olive_L4ngur_8, Gar_Wiry38, NaturalGu1llem0t, Le4fhopp3rWry_63, Person4lBovine35, MeadowlarkVague, Tern_Distant_27, DelayedSapsucker, Lou5eSilver, Widgeon_Knob8y, CalculatingCivet, Mous3_Critical42, Dung8eetl3_Cruel, TapaculoTinted0, ShadyHydra_11, MantisraySha8by, LunamothUni73d21, W47chfulAlleycat, Electric_Herrin6, JuvenileStoat99, YoungC4ss0wary20, Rud3Armadillo51, Sm3w_Mammoth, RoyalblueLion_54, Polytura7orK3y42, GreenPupa_72, HalibutHonest97, Bit7ernCl4ssic91, Nutcr4ckerYellow, Quill8ackFr3nch, Coyo7eUnsightly, WeaselImpol1te66, Welllit_Urus_97, Grubby_C0oter, Sizzlin6_Shrew17, CandidMar7in45, ActiveWh1teeye7, CompetentBooby21, WoodcockBuz2ing, CrowTh0ughtful91, NewtNavyblue97, Mu57angTruthful, Pun63ntElver89, MeadowlarkModest, MonkeyTr1fling57, Dis7inctSi4mang, MediumorchidDeer, SolenodonWheat86, Kudu_Pierc1ng_1, KhakiPikep3rch37, Mull37_Friendly, SuddenIguana32, FulmarNu7ritious, PrairiedogWa7ery, Trained_Drak3_73, Fugu_Mar00n27, SnarlingCowbird, N3wWyvern_59, ZebrafishPastel, Capit4lBumble8ee, C4vernous_Scarab, Offb34tInganue31, Herrin6Worn_50, Dizzy_M4stodon, F4rManxca755, Imparti4lN3ne, HorribleSphinx92, ObedientGelding, Fl33Wry_97, CoordinatedKid67, Impa5sionedOrca, RingedNubiangoat, Jaguar_Regul4r82, UnwittingHerald, LateZebrafinch62, VioletredRaccoon, M4ndrill_Right10, Sc4ll0p_Disloyal, Kindheart3dL0use, DarwinsfoxW0r7hy, Car1b0uCuddly_94, Caimanl1zardFl4t, W3lltodo_Aphid64, L3opardsealS4lty, Farflun6C4nine71, IriomotecatAlive, HogItchy_33, Unh3al7hyWhelp52, GlobefishIntent, PeriodicGri50n88, PaleBlackpanther, Free_Urial94, SafeVelvetcrab45, C0lorfulWalrus_1, Crocodile_Bouncy, Tens3Colt_8, Acidic_Muntj4c79, Cr0codileAssured, Tuatar4_Concr3te, Pewe3Skyblu3_15, IberianlynxApt17, BraveWras53, Carp_Joyous20, Aqua7icleechTar7, Owl8utterflyCalm, T4m4rinAll_9, Amurratsnak3Grim, Bare_Leafwing88, N3w7nutriaFluffy, LazyNoddy_3, Part1alPekinge5e, Po15ed_Xoni79, Br4hm4nbullMean, Fr35h_Urva_45, He4venlyVeery95, Welloff_Flamingo, Rap7ors_Al4rming, Gloomy_Ratfi5h37, BellfrogR1p3_90, Blackrh1noEdibl3, CostlyKe5tr3l_34, MeerkatSimpl3_29, Squ4b_Whi7e_71, Unwritten_Bass90, Pupa_Impish_85, Fabulous_Peafowl, CrowPointless, Ne0ntetr4Left41, BaggyGr4yw0lf82, GaurL0vely_66, Bru1sedHoiho_28, T16ht_Gnu_20, Sp0tless_Xoni_99, Ger3nuk_Pleasin6, WhaleMintcream80, H0op0e_Grouchy63, Illfat3dLorikeet, Ichthy0s4ursMeek, Mar3_Juvenile_61, PipistrelleDull, Oldl4ce_R4y91, Conv3nti0nal_Kob, HenCourageous_19, Aw4reVulpesvelox, QuerulousFirefly, Madeup_Sparr0w44, DolphinLightgrey, IndolentLun4moth, SpicyNorw4yra7, Ferret_Some8, InferiorDorado58, SlothJaunty91, Needl3tailTender, PheasantR1ch_92, To7alGoosef1sh, W45pOrchid81, Lucky_Shr3w_95, KingbirdCultured, EvergreenE4rwig, RichYellowlegs30, M0ray_El4ted_19, Cowrie_Trained53, Urv4Bulky_15, Depend3ntLob5ter, Separat3Elk82, Hidden_Slothb3ar, Chub8yPik3_84, E3ve_Envious_49, SlugClosed31, Elegant_Thrash3r, GlamorousBluet44, W0rldlyBird_96, Moun7aincatSick, Howlermonk3ySane, Grounded_Tick_14, Gr3be_Con7ent_38, Rhinocer0sGlass, Clueless_Poleca7, Benefic1alQuelea, GrouchyF0xhound, W4lrusN3ar0, Brownb3arAngelic, I5landcanarySlim, Short_Aidi98, AvocetIndol3nt82, X4nthareelThin41, Achillestan6Dear, Armyw0rmConcret3, F1nch_Easy33, Oliv3G0a80, R0bin_L4zy_54, Be4uceronHar5h64, Scornful_M1nk_29, Greg4riousCony20, Dev1lfishStrang3, DemandingRaptors, FluffySh0vel3r13, Gl0riousXenops69, Some_Earwig, BackswimmerQuie7, Ante4ter_Organic, ProfitableElver, Lemonchiff0nKiwi, OpaqueCuscus43, RheaTedious20, Web8ed_B3ttong10, Tap1r_Same35, Annu4lDrak3_48, GoodnaturedEagle, Mouse/miceL1vid, AbaloneEssential, ForcefulG3msbok, Au7hentic_Gnat97, KakapoBlueviolet, Ro5ybrown_Auk10, B1ntur0ngAmple88, Que3nbe3_Lost41, Iberianm0lePushy, HoundTrus7w0rthy, Dugon6_Agonizing, Numb_Pintail68, ScarabZany_92, M4rmosetIdolized, D0rmouse_Green78, AnnelidaBrief_55, Viol3nt_Bong053, Wildca7Seri0us73, Albatros5Sick_70, RipeApatosaur_30, BlackbuckR05y_21, Sp4rrowUnk3mpt30, LikelyVultur345, Ungula7eBlond37, M45todonSalmon90, B16_Polyp83, JumpingbeanN4ive, NavajowhiteMite, K1ndheart3dOx94, OlmN4utic4l8, Narwhal_T0ma7o20, Songbird_Buzzin6, Nagapi3sSqueaky, WrenchbirdTou6h, Darkgray_K0i83, Zebradove_Tr1m57, Arct1cfoxLon3_99, BushsqueakerT4ll, Lovebird_Wheat63, Germanspi72Wavy, B47Burdensome87, M4dMangab3y12, NorwayratSmart94, Scr4tchyOstr1ch, GypsymothNonstop, Gullible_Bobc47, UnknownFlatfish, RhinocerosSt4rry, OrderlyC0wr1e_5, Qu1ckAardvark95, W47erbug_Shy12, Pygmy_Concr37e65, K1ndStur6eon98, Blackla8Preci0us, OcelotWr3tched26, Sol1taireMixed71, SpiderDiscre7e20, An6oraUnwieldy37, Fail1n6_Eider_58, Avi4ns_Second97, Arm4dilloDr0opy, BlondNag83, WaterbuckOrderly, Sentim3ntalGrub, Cr1ticalTayra_65, PerfumedPewee55, Buz2in6_Owl92, WhiterhinoIcy75, BalloonfishNifty, Vi6orousTanag3r, Unic0rnC0urteous, Ser13maYummy34, Chanticleer_Wide, Pr3sentDeermouse, LoonImpart1al_45, P0ndsk4terSingle, Squ1d_Gr4y_97, RoundSkunk_13, SparklingAphid21, Be4rSimplis7ic56, Fr0zen_Erin_41, Fanworms_Av3rag3, XiphiasUnsightly, French_Whapuku_9, Yummy_Cavy_18, Bufflehe4dFlaky, DoctorfishDouble, Wellmad3_Trout42, GorillaHonest_32, V4riabl3Lowchen, S1lly_Peccary_19, NewArieltoucan64, Usel3ssTse7sefly, Jan3nschia_False, Partridg3Sn0w_2, AdoredVipersquid, J46uarRemorseful, AngelfishHurtful, Emb3lli5hedEel84, Blackcr4ppieOpen, Hylae05aurusTame, VividAvocet15, Unripe_T4nager29, TattlerInternal, ArachnidFlimsy55, VipersquidFrench, RodentWh1te_7, Fus5y_Nutcracker, BustlingMongrel, T1ger_Idealistic, NextTriceratop5, Yak_Fluid_0, K1ngfish3rTesty, Bluefintun4Emp7y, ToadSt1ff_82, PepperyScreamer, ExtralargeCooter, Breakabl3Redp0ll, Indianc0wFine_89, Sc4llopHumongous, Cony_Overjoy3d53, W3epyGuineafowl, FishingcatSomber, BarebirdbatTame, Reasonable_Pygmy, Wellt0doSnowdog, Serpen7Exciting, D3lectabl3_Urson, Graywolf_Ide4l15, R1ghtAngelfi5h53, Miniatur3Upup468, Hum4n_Ac7ual_18, HomelyDorm0us331, Anxi0usAdouri74, Grea7daneMerry42, HornedviperWe4ry, Puff3r_Angu1shed, WhippetChubby41, Buzzard_Mixed61, CoyoteSmooth92, Wirew0rmGlum, EcstaticNu7ha7ch, Unwelcome_Owl_9, Bumblebee_Severe, Coot3rBurlywo0d, Lazy_Lamb80, Toadfish_Vague20, Addax_C4refree90, S4ndyPinniped_10, Unsi6htly_Bufe00, FoxhoundDramatic, Square_Meerkat85, HeavenlyWhiteeye, HalicoreW0rst_45, Viper_M4rr1ed_81, Scien7ificHuman, Meaty_Longhorn81, Lawn6re3nMutt_31, VibrantGr0undh0g, CornsilkHamster, Spadefo0t_Saf374, RottenWrenchbird, Handy_Gemsb0k_88, OtterSecondary38, QueleaGripping76, Basilisk_Itchy32, Ca7fishSad_92, Chry5alisT3dious, Ar6ali_Alarm3d9, D3scriptiveHen60, W0rriedNightjar, Cultiv4tedLangur, L1v1dHydra2, Org4nicCock52, GoldfishAn1mated, Dwarfra8bitDull, S1fak4Noteworthy, MynahPowerl3ss27, L1ghtningbugB4ck, T4dpol3_Ample94, Ibis8illD1stinct, BeetleDefen51ve, Jub1lantGenet_4, MediocreOriole22, IguanodonFuchsia, Vireo_H0rri8le7, MonthlyLlama_37, Primary_Hoki_87, UrchinAp7_84, DigitalLangur_10, Bar4s1ngaRaw63, Rott3n_Osprey91, TanV3locirapt0r, Yosemitet0adG0od, Sor3_Arrowcrab_5, X3m3Aqua81, Inc0mpleteH4wk67, H3av3nlyHogget95, C4rpSmug_94, Americancr0wP4st, Stonefly_Tou6h26, Thru5hGlit7ering, Gar6antu4nCoypu, VigilantEwe64, NiftyLhasaapso87, Lanky_Boar, H3r4ldFrivolous, Inb0rnXanth4reel, E4chDron6o45, ArmedcrabTall_16, Junior_B0no8o61, Sapsuck3r_Queasy, Y0semi7etoadHalf, FieldmouseInborn, EgretBuoyan710, Glas5frogGlum60, SourJaguarundi, Pheas4ntJo1nt_33, CreaturePot4ble, Shortt3rmPony_71, XenopusPo5h3, StainedPittabird, A84loneWelllit24, RoyalblueAphid71, Lin3ar_Huia_28, Lark_De7ermined, CelebratedNu7ria, TadpoleArom4tic, RunnyLh4saaps0, SparseLadybird_6, R3markabl3Goral, Definitiv3Cat50, Canadag0o5eVain, S3ahorse_Untidy4, Fond_Triceratops, EmuA6il3_61, Hal1cor3Spiffy49, Limegre3n_Goat8, SnappyWhim8r3l67, Annelid_Str41ght, ChickadeeDry_59, KittyVoluminou5, FulmarDelayed_66, Kit3_Rundown_99, Jolly_Snowyowl64, K0alabe4r_Snappy, Aph1dAc1dic_67, Wood3n_Seamonkey, H4mmerkopR1pe_85, RainbowfishOdd42, Drafth0rs3Flimsy, Dreary_Quahog_20, Lucky_Cricket_48, GoodS7ud34, Dazzl1ngYardant, Hornedt04dIdle36, Tro6onGoldenrod, L1n3d_Huemul_27, MacawHasty57, MockingbirdNea7, LobsterCavernous, Puz2l1ngWillet_2, Anc1entBigh0rn17, Schapendoes_Navy, AnchoredSc0ter24, DearJellyfish78]
]]></system-out>
  <system-err><![CDATA[]]></system-err>
</testsuite>
